
2015-09-10 13:09:35
[WARN]-[Thread: Timer-0]-[com.mchange.v2.async.ThreadPoolAsynchronousRunner$DeadlockDetector.run()]: com.mchange.v2.async.ThreadPoolAsynchronousRunner$DeadlockDetector@5f937719 -- APPARENT DEADLOCK!!! Creating emergency threads for unassigned pending tasks!

2015-09-10 13:09:36
[WARN]-[Thread: Timer-0]-[com.mchange.v2.async.ThreadPoolAsynchronousRunner$DeadlockDetector.run()]: com.mchange.v2.async.ThreadPoolAsynchronousRunner$DeadlockDetector@5f937719 -- APPARENT DEADLOCK!!! Complete Status: 
	Managed Threads: 3
	Active Threads: 3
	Active Tasks: 
		com.mchange.v2.resourcepool.BasicResourcePool$AcquireTask@7abe0dc0 (com.mchange.v2.async.ThreadPoolAsynchronousRunner$PoolThread-#0)
		com.mchange.v2.resourcepool.BasicResourcePool$AcquireTask@4c73c45a (com.mchange.v2.async.ThreadPoolAsynchronousRunner$PoolThread-#1)
		com.mchange.v2.resourcepool.BasicResourcePool$AcquireTask@6f6695d4 (com.mchange.v2.async.ThreadPoolAsynchronousRunner$PoolThread-#2)
	Pending Tasks: 
		com.mchange.v2.resourcepool.BasicResourcePool$AcquireTask@742a4097
		com.mchange.v2.resourcepool.BasicResourcePool$AcquireTask@7ef093df
		com.mchange.v2.resourcepool.BasicResourcePool$AcquireTask@2cf3d94f
		com.mchange.v2.resourcepool.BasicResourcePool$AcquireTask@77602130
Pool thread stack traces:
	Thread[com.mchange.v2.async.ThreadPoolAsynchronousRunner$PoolThread-#0,5,main]
		com.mchange.v2.async.ThreadPoolAsynchronousRunner$PoolThread.run(ThreadPoolAsynchronousRunner.java:562)
	Thread[com.mchange.v2.async.ThreadPoolAsynchronousRunner$PoolThread-#1,5,main]
		com.mchange.v2.async.ThreadPoolAsynchronousRunner$PoolThread.run(ThreadPoolAsynchronousRunner.java:562)
	Thread[com.mchange.v2.async.ThreadPoolAsynchronousRunner$PoolThread-#2,5,main]
		com.mchange.v2.async.ThreadPoolAsynchronousRunner$PoolThread.run(ThreadPoolAsynchronousRunner.java:562)



2015-09-10 13:10:38
[WARN]-[Thread: Timer-0]-[com.mchange.v2.async.ThreadPoolAsynchronousRunner$DeadlockDetector.run()]: com.mchange.v2.async.ThreadPoolAsynchronousRunner$DeadlockDetector@5f937719 -- APPARENT DEADLOCK!!! Creating emergency threads for unassigned pending tasks!

2015-09-10 13:10:38
[WARN]-[Thread: Timer-0]-[com.mchange.v2.async.ThreadPoolAsynchronousRunner$DeadlockDetector.run()]: com.mchange.v2.async.ThreadPoolAsynchronousRunner$DeadlockDetector@5f937719 -- APPARENT DEADLOCK!!! Complete Status: 
	Managed Threads: 3
	Active Threads: 3
	Active Tasks: 
		com.mchange.v2.resourcepool.BasicResourcePool$AcquireTask@1fa05c79 (com.mchange.v2.async.ThreadPoolAsynchronousRunner$PoolThread-#0)
		com.mchange.v2.resourcepool.BasicResourcePool$AcquireTask@7e7794fc (com.mchange.v2.async.ThreadPoolAsynchronousRunner$PoolThread-#2)
		com.mchange.v2.resourcepool.BasicResourcePool$AcquireTask@7d3722f7 (com.mchange.v2.async.ThreadPoolAsynchronousRunner$PoolThread-#1)
	Pending Tasks: 
		com.mchange.v2.resourcepool.BasicResourcePool$1DestroyResourceTask@47df1fe0
		com.mchange.v2.resourcepool.BasicResourcePool$1DestroyResourceTask@5a81d0f6
		com.mchange.v2.resourcepool.BasicResourcePool$1DestroyResourceTask@18136f2e
		com.mchange.v2.resourcepool.BasicResourcePool$1DestroyResourceTask@5c77c641
		com.mchange.v2.resourcepool.BasicResourcePool$1DestroyResourceTask@6368e230
		com.mchange.v2.resourcepool.BasicResourcePool$1DestroyResourceTask@37ba98cb
		com.mchange.v2.resourcepool.BasicResourcePool$1DestroyResourceTask@34d3eb0d
		com.mchange.v2.resourcepool.BasicResourcePool$AcquireTask@56f46618
		com.mchange.v2.resourcepool.BasicResourcePool$AcquireTask@72297794
		com.mchange.v2.resourcepool.BasicResourcePool$AcquireTask@11b6d5da
		com.mchange.v2.resourcepool.BasicResourcePool$AcquireTask@3a96df62
		com.mchange.v2.resourcepool.BasicResourcePool$AcquireTask@4fa7aa8e
		com.mchange.v2.resourcepool.BasicResourcePool$AcquireTask@768be139
		com.mchange.v2.resourcepool.BasicResourcePool$AcquireTask@5134e237
Pool thread stack traces:
	Thread[com.mchange.v2.async.ThreadPoolAsynchronousRunner$PoolThread-#1,5,main]
		java.net.SocketInputStream.socketRead0(Native Method)
		java.net.SocketInputStream.socketRead(SocketInputStream.java:116)
		java.net.SocketInputStream.read(SocketInputStream.java:170)
		java.net.SocketInputStream.read(SocketInputStream.java:141)
		com.mysql.jdbc.util.ReadAheadInputStream.fill(ReadAheadInputStream.java:114)
		com.mysql.jdbc.util.ReadAheadInputStream.readFromUnderlyingStreamIfNecessary(ReadAheadInputStream.java:161)
		com.mysql.jdbc.util.ReadAheadInputStream.read(ReadAheadInputStream.java:189)
		com.mysql.jdbc.MysqlIO.readFully(MysqlIO.java:3036)
		com.mysql.jdbc.MysqlIO.reuseAndReadPacket(MysqlIO.java:3489)
		com.mysql.jdbc.MysqlIO.reuseAndReadPacket(MysqlIO.java:3478)
		com.mysql.jdbc.MysqlIO.checkErrorPacket(MysqlIO.java:4019)
		com.mysql.jdbc.MysqlIO.sendCommand(MysqlIO.java:2490)
		com.mysql.jdbc.MysqlIO.sqlQueryDirect(MysqlIO.java:2651)
		com.mysql.jdbc.ConnectionImpl.execSQL(ConnectionImpl.java:2677)
		com.mysql.jdbc.ConnectionImpl.execSQL(ConnectionImpl.java:2627)
		com.mysql.jdbc.StatementImpl.executeQuery(StatementImpl.java:1556)
		com.mysql.jdbc.ConnectionImpl.loadServerVariables(ConnectionImpl.java:3909)
		com.mysql.jdbc.ConnectionImpl.initializePropsFromServer(ConnectionImpl.java:3443)
		com.mysql.jdbc.ConnectionImpl.connectOneTryOnly(ConnectionImpl.java:2443)
		com.mysql.jdbc.ConnectionImpl.createNewIO(ConnectionImpl.java:2213)
		com.mysql.jdbc.ConnectionImpl.<init>(ConnectionImpl.java:797)
		com.mysql.jdbc.JDBC4Connection.<init>(JDBC4Connection.java:47)
		sun.reflect.GeneratedConstructorAccessor30.newInstance(Unknown Source)
		sun.reflect.DelegatingConstructorAccessorImpl.newInstance(DelegatingConstructorAccessorImpl.java:45)
		java.lang.reflect.Constructor.newInstance(Constructor.java:422)
		com.mysql.jdbc.Util.handleNewInstance(Util.java:411)
		com.mysql.jdbc.ConnectionImpl.getInstance(ConnectionImpl.java:389)
		com.mysql.jdbc.NonRegisteringDriver.connect(NonRegisteringDriver.java:305)
		com.mchange.v2.c3p0.DriverManagerDataSource.getConnection(DriverManagerDataSource.java:134)
		com.mchange.v2.c3p0.WrapperConnectionPoolDataSource.getPooledConnection(WrapperConnectionPoolDataSource.java:182)
		com.mchange.v2.c3p0.WrapperConnectionPoolDataSource.getPooledConnection(WrapperConnectionPoolDataSource.java:171)
		com.mchange.v2.c3p0.impl.C3P0PooledConnectionPool$1PooledConnectionResourcePoolManager.acquireResource(C3P0PooledConnectionPool.java:137)
		com.mchange.v2.resourcepool.BasicResourcePool.doAcquire(BasicResourcePool.java:1014)
		com.mchange.v2.resourcepool.BasicResourcePool.access$800(BasicResourcePool.java:32)
		com.mchange.v2.resourcepool.BasicResourcePool$AcquireTask.run(BasicResourcePool.java:1810)
		com.mchange.v2.async.ThreadPoolAsynchronousRunner$PoolThread.run(ThreadPoolAsynchronousRunner.java:547)
	Thread[com.mchange.v2.async.ThreadPoolAsynchronousRunner$PoolThread-#0,5,main]
		java.net.SocketInputStream.socketRead0(Native Method)
		java.net.SocketInputStream.socketRead(SocketInputStream.java:116)
		java.net.SocketInputStream.read(SocketInputStream.java:170)
		java.net.SocketInputStream.read(SocketInputStream.java:141)
		com.mysql.jdbc.util.ReadAheadInputStream.fill(ReadAheadInputStream.java:114)
		com.mysql.jdbc.util.ReadAheadInputStream.readFromUnderlyingStreamIfNecessary(ReadAheadInputStream.java:161)
		com.mysql.jdbc.util.ReadAheadInputStream.read(ReadAheadInputStream.java:189)
		com.mysql.jdbc.MysqlIO.readFully(MysqlIO.java:3036)
		com.mysql.jdbc.MysqlIO.reuseAndReadPacket(MysqlIO.java:3489)
		com.mysql.jdbc.MysqlIO.reuseAndReadPacket(MysqlIO.java:3478)
		com.mysql.jdbc.MysqlIO.checkErrorPacket(MysqlIO.java:4019)
		com.mysql.jdbc.MysqlIO.sendCommand(MysqlIO.java:2490)
		com.mysql.jdbc.MysqlIO.sqlQueryDirect(MysqlIO.java:2651)
		com.mysql.jdbc.ConnectionImpl.execSQL(ConnectionImpl.java:2677)
		com.mysql.jdbc.ConnectionImpl.execSQL(ConnectionImpl.java:2627)
		com.mysql.jdbc.StatementImpl.executeQuery(StatementImpl.java:1556)
		com.mysql.jdbc.ConnectionImpl.loadServerVariables(ConnectionImpl.java:3909)
		com.mysql.jdbc.ConnectionImpl.initializePropsFromServer(ConnectionImpl.java:3443)
		com.mysql.jdbc.ConnectionImpl.connectOneTryOnly(ConnectionImpl.java:2443)
		com.mysql.jdbc.ConnectionImpl.createNewIO(ConnectionImpl.java:2213)
		com.mysql.jdbc.ConnectionImpl.<init>(ConnectionImpl.java:797)
		com.mysql.jdbc.JDBC4Connection.<init>(JDBC4Connection.java:47)
		sun.reflect.GeneratedConstructorAccessor30.newInstance(Unknown Source)
		sun.reflect.DelegatingConstructorAccessorImpl.newInstance(DelegatingConstructorAccessorImpl.java:45)
		java.lang.reflect.Constructor.newInstance(Constructor.java:422)
		com.mysql.jdbc.Util.handleNewInstance(Util.java:411)
		com.mysql.jdbc.ConnectionImpl.getInstance(ConnectionImpl.java:389)
		com.mysql.jdbc.NonRegisteringDriver.connect(NonRegisteringDriver.java:305)
		com.mchange.v2.c3p0.DriverManagerDataSource.getConnection(DriverManagerDataSource.java:134)
		com.mchange.v2.c3p0.WrapperConnectionPoolDataSource.getPooledConnection(WrapperConnectionPoolDataSource.java:182)
		com.mchange.v2.c3p0.WrapperConnectionPoolDataSource.getPooledConnection(WrapperConnectionPoolDataSource.java:171)
		com.mchange.v2.c3p0.impl.C3P0PooledConnectionPool$1PooledConnectionResourcePoolManager.acquireResource(C3P0PooledConnectionPool.java:137)
		com.mchange.v2.resourcepool.BasicResourcePool.doAcquire(BasicResourcePool.java:1014)
		com.mchange.v2.resourcepool.BasicResourcePool.access$800(BasicResourcePool.java:32)
		com.mchange.v2.resourcepool.BasicResourcePool$AcquireTask.run(BasicResourcePool.java:1810)
		com.mchange.v2.async.ThreadPoolAsynchronousRunner$PoolThread.run(ThreadPoolAsynchronousRunner.java:547)
	Thread[com.mchange.v2.async.ThreadPoolAsynchronousRunner$PoolThread-#2,5,main]
		java.net.SocketInputStream.socketRead0(Native Method)
		java.net.SocketInputStream.socketRead(SocketInputStream.java:116)
		java.net.SocketInputStream.read(SocketInputStream.java:170)
		java.net.SocketInputStream.read(SocketInputStream.java:141)
		com.mysql.jdbc.util.ReadAheadInputStream.fill(ReadAheadInputStream.java:114)
		com.mysql.jdbc.util.ReadAheadInputStream.readFromUnderlyingStreamIfNecessary(ReadAheadInputStream.java:161)
		com.mysql.jdbc.util.ReadAheadInputStream.read(ReadAheadInputStream.java:189)
		com.mysql.jdbc.MysqlIO.readFully(MysqlIO.java:3036)
		com.mysql.jdbc.MysqlIO.reuseAndReadPacket(MysqlIO.java:3489)
		com.mysql.jdbc.MysqlIO.reuseAndReadPacket(MysqlIO.java:3478)
		com.mysql.jdbc.MysqlIO.checkErrorPacket(MysqlIO.java:4019)
		com.mysql.jdbc.MysqlIO.sendCommand(MysqlIO.java:2490)
		com.mysql.jdbc.MysqlIO.sqlQueryDirect(MysqlIO.java:2651)
		com.mysql.jdbc.ConnectionImpl.execSQL(ConnectionImpl.java:2677)
		com.mysql.jdbc.ConnectionImpl.execSQL(ConnectionImpl.java:2627)
		com.mysql.jdbc.StatementImpl.executeQuery(StatementImpl.java:1556)
		com.mysql.jdbc.ConnectionImpl.loadServerVariables(ConnectionImpl.java:3909)
		com.mysql.jdbc.ConnectionImpl.initializePropsFromServer(ConnectionImpl.java:3443)
		com.mysql.jdbc.ConnectionImpl.connectOneTryOnly(ConnectionImpl.java:2443)
		com.mysql.jdbc.ConnectionImpl.createNewIO(ConnectionImpl.java:2213)
		com.mysql.jdbc.ConnectionImpl.<init>(ConnectionImpl.java:797)
		com.mysql.jdbc.JDBC4Connection.<init>(JDBC4Connection.java:47)
		sun.reflect.GeneratedConstructorAccessor30.newInstance(Unknown Source)
		sun.reflect.DelegatingConstructorAccessorImpl.newInstance(DelegatingConstructorAccessorImpl.java:45)
		java.lang.reflect.Constructor.newInstance(Constructor.java:422)
		com.mysql.jdbc.Util.handleNewInstance(Util.java:411)
		com.mysql.jdbc.ConnectionImpl.getInstance(ConnectionImpl.java:389)
		com.mysql.jdbc.NonRegisteringDriver.connect(NonRegisteringDriver.java:305)
		com.mchange.v2.c3p0.DriverManagerDataSource.getConnection(DriverManagerDataSource.java:134)
		com.mchange.v2.c3p0.WrapperConnectionPoolDataSource.getPooledConnection(WrapperConnectionPoolDataSource.java:182)
		com.mchange.v2.c3p0.WrapperConnectionPoolDataSource.getPooledConnection(WrapperConnectionPoolDataSource.java:171)
		com.mchange.v2.c3p0.impl.C3P0PooledConnectionPool$1PooledConnectionResourcePoolManager.acquireResource(C3P0PooledConnectionPool.java:137)
		com.mchange.v2.resourcepool.BasicResourcePool.doAcquire(BasicResourcePool.java:1014)
		com.mchange.v2.resourcepool.BasicResourcePool.access$800(BasicResourcePool.java:32)
		com.mchange.v2.resourcepool.BasicResourcePool$AcquireTask.run(BasicResourcePool.java:1810)
		com.mchange.v2.async.ThreadPoolAsynchronousRunner$PoolThread.run(ThreadPoolAsynchronousRunner.java:547)



2015-09-10 13:11:49
[WARN]-[Thread: Timer-0]-[com.mchange.v2.async.ThreadPoolAsynchronousRunner$DeadlockDetector.run()]: com.mchange.v2.async.ThreadPoolAsynchronousRunner$DeadlockDetector@5f937719 -- APPARENT DEADLOCK!!! Creating emergency threads for unassigned pending tasks!

2015-09-10 13:11:50
[WARN]-[Thread: Timer-0]-[com.mchange.v2.async.ThreadPoolAsynchronousRunner$DeadlockDetector.run()]: com.mchange.v2.async.ThreadPoolAsynchronousRunner$DeadlockDetector@5f937719 -- APPARENT DEADLOCK!!! Complete Status: 
	Managed Threads: 3
	Active Threads: 3
	Active Tasks: 
		com.mchange.v2.resourcepool.BasicResourcePool$AcquireTask@bc1f3c8 (com.mchange.v2.async.ThreadPoolAsynchronousRunner$PoolThread-#0)
		com.mchange.v2.resourcepool.BasicResourcePool$AcquireTask@7373be9e (com.mchange.v2.async.ThreadPoolAsynchronousRunner$PoolThread-#2)
		com.mchange.v2.resourcepool.BasicResourcePool$AcquireTask@6602ad93 (com.mchange.v2.async.ThreadPoolAsynchronousRunner$PoolThread-#1)
	Pending Tasks: 
		com.mchange.v2.resourcepool.BasicResourcePool$1DestroyResourceTask@39ee571f
		com.mchange.v2.resourcepool.BasicResourcePool$1DestroyResourceTask@3db5bc59
		com.mchange.v2.resourcepool.BasicResourcePool$1DestroyResourceTask@53dc723f
		com.mchange.v2.resourcepool.BasicResourcePool$1DestroyResourceTask@20c133e2
		com.mchange.v2.resourcepool.BasicResourcePool$1DestroyResourceTask@6bdcde4a
		com.mchange.v2.resourcepool.BasicResourcePool$1DestroyResourceTask@7b1be01c
		com.mchange.v2.resourcepool.BasicResourcePool$1DestroyResourceTask@4b6628ca
		com.mchange.v2.resourcepool.BasicResourcePool$AcquireTask@62915c67
		com.mchange.v2.resourcepool.BasicResourcePool$AcquireTask@6fb2e0f1
		com.mchange.v2.resourcepool.BasicResourcePool$AcquireTask@4b0de61b
		com.mchange.v2.resourcepool.BasicResourcePool$AcquireTask@3157b7c8
		com.mchange.v2.resourcepool.BasicResourcePool$AcquireTask@594da7e1
		com.mchange.v2.resourcepool.BasicResourcePool$AcquireTask@21807151
		com.mchange.v2.resourcepool.BasicResourcePool$AcquireTask@5997644
Pool thread stack traces:
	Thread[com.mchange.v2.async.ThreadPoolAsynchronousRunner$PoolThread-#0,5,main]
		java.net.SocketInputStream.socketRead0(Native Method)
		java.net.SocketInputStream.socketRead(SocketInputStream.java:116)
		java.net.SocketInputStream.read(SocketInputStream.java:170)
		java.net.SocketInputStream.read(SocketInputStream.java:141)
		com.mysql.jdbc.util.ReadAheadInputStream.fill(ReadAheadInputStream.java:114)
		com.mysql.jdbc.util.ReadAheadInputStream.readFromUnderlyingStreamIfNecessary(ReadAheadInputStream.java:161)
		com.mysql.jdbc.util.ReadAheadInputStream.read(ReadAheadInputStream.java:189)
		com.mysql.jdbc.MysqlIO.readFully(MysqlIO.java:3036)
		com.mysql.jdbc.MysqlIO.reuseAndReadPacket(MysqlIO.java:3489)
		com.mysql.jdbc.MysqlIO.reuseAndReadPacket(MysqlIO.java:3478)
		com.mysql.jdbc.MysqlIO.checkErrorPacket(MysqlIO.java:4019)
		com.mysql.jdbc.MysqlIO.sendCommand(MysqlIO.java:2490)
		com.mysql.jdbc.MysqlIO.sqlQueryDirect(MysqlIO.java:2651)
		com.mysql.jdbc.ConnectionImpl.execSQL(ConnectionImpl.java:2677)
		com.mysql.jdbc.ConnectionImpl.execSQL(ConnectionImpl.java:2627)
		com.mysql.jdbc.StatementImpl.executeQuery(StatementImpl.java:1556)
		com.mysql.jdbc.ConnectionImpl.loadServerVariables(ConnectionImpl.java:3898)
		com.mysql.jdbc.ConnectionImpl.initializePropsFromServer(ConnectionImpl.java:3443)
		com.mysql.jdbc.ConnectionImpl.connectOneTryOnly(ConnectionImpl.java:2443)
		com.mysql.jdbc.ConnectionImpl.createNewIO(ConnectionImpl.java:2213)
		com.mysql.jdbc.ConnectionImpl.<init>(ConnectionImpl.java:797)
		com.mysql.jdbc.JDBC4Connection.<init>(JDBC4Connection.java:47)
		sun.reflect.GeneratedConstructorAccessor30.newInstance(Unknown Source)
		sun.reflect.DelegatingConstructorAccessorImpl.newInstance(DelegatingConstructorAccessorImpl.java:45)
		java.lang.reflect.Constructor.newInstance(Constructor.java:422)
		com.mysql.jdbc.Util.handleNewInstance(Util.java:411)
		com.mysql.jdbc.ConnectionImpl.getInstance(ConnectionImpl.java:389)
		com.mysql.jdbc.NonRegisteringDriver.connect(NonRegisteringDriver.java:305)
		com.mchange.v2.c3p0.DriverManagerDataSource.getConnection(DriverManagerDataSource.java:134)
		com.mchange.v2.c3p0.WrapperConnectionPoolDataSource.getPooledConnection(WrapperConnectionPoolDataSource.java:182)
		com.mchange.v2.c3p0.WrapperConnectionPoolDataSource.getPooledConnection(WrapperConnectionPoolDataSource.java:171)
		com.mchange.v2.c3p0.impl.C3P0PooledConnectionPool$1PooledConnectionResourcePoolManager.acquireResource(C3P0PooledConnectionPool.java:137)
		com.mchange.v2.resourcepool.BasicResourcePool.doAcquire(BasicResourcePool.java:1014)
		com.mchange.v2.resourcepool.BasicResourcePool.access$800(BasicResourcePool.java:32)
		com.mchange.v2.resourcepool.BasicResourcePool$AcquireTask.run(BasicResourcePool.java:1810)
		com.mchange.v2.async.ThreadPoolAsynchronousRunner$PoolThread.run(ThreadPoolAsynchronousRunner.java:547)
	Thread[com.mchange.v2.async.ThreadPoolAsynchronousRunner$PoolThread-#2,5,main]
		java.net.SocketInputStream.socketRead0(Native Method)
		java.net.SocketInputStream.socketRead(SocketInputStream.java:116)
		java.net.SocketInputStream.read(SocketInputStream.java:170)
		java.net.SocketInputStream.read(SocketInputStream.java:141)
		com.mysql.jdbc.util.ReadAheadInputStream.fill(ReadAheadInputStream.java:114)
		com.mysql.jdbc.util.ReadAheadInputStream.readFromUnderlyingStreamIfNecessary(ReadAheadInputStream.java:161)
		com.mysql.jdbc.util.ReadAheadInputStream.read(ReadAheadInputStream.java:189)
		com.mysql.jdbc.MysqlIO.readFully(MysqlIO.java:3036)
		com.mysql.jdbc.MysqlIO.reuseAndReadPacket(MysqlIO.java:3489)
		com.mysql.jdbc.MysqlIO.reuseAndReadPacket(MysqlIO.java:3478)
		com.mysql.jdbc.MysqlIO.checkErrorPacket(MysqlIO.java:4019)
		com.mysql.jdbc.MysqlIO.sendCommand(MysqlIO.java:2490)
		com.mysql.jdbc.MysqlIO.sqlQueryDirect(MysqlIO.java:2651)
		com.mysql.jdbc.ConnectionImpl.execSQL(ConnectionImpl.java:2677)
		com.mysql.jdbc.ConnectionImpl.execSQL(ConnectionImpl.java:2627)
		com.mysql.jdbc.StatementImpl.executeQuery(StatementImpl.java:1556)
		com.mysql.jdbc.ConnectionImpl.loadServerVariables(ConnectionImpl.java:3898)
		com.mysql.jdbc.ConnectionImpl.initializePropsFromServer(ConnectionImpl.java:3443)
		com.mysql.jdbc.ConnectionImpl.connectOneTryOnly(ConnectionImpl.java:2443)
		com.mysql.jdbc.ConnectionImpl.createNewIO(ConnectionImpl.java:2213)
		com.mysql.jdbc.ConnectionImpl.<init>(ConnectionImpl.java:797)
		com.mysql.jdbc.JDBC4Connection.<init>(JDBC4Connection.java:47)
		sun.reflect.GeneratedConstructorAccessor30.newInstance(Unknown Source)
		sun.reflect.DelegatingConstructorAccessorImpl.newInstance(DelegatingConstructorAccessorImpl.java:45)
		java.lang.reflect.Constructor.newInstance(Constructor.java:422)
		com.mysql.jdbc.Util.handleNewInstance(Util.java:411)
		com.mysql.jdbc.ConnectionImpl.getInstance(ConnectionImpl.java:389)
		com.mysql.jdbc.NonRegisteringDriver.connect(NonRegisteringDriver.java:305)
		com.mchange.v2.c3p0.DriverManagerDataSource.getConnection(DriverManagerDataSource.java:134)
		com.mchange.v2.c3p0.WrapperConnectionPoolDataSource.getPooledConnection(WrapperConnectionPoolDataSource.java:182)
		com.mchange.v2.c3p0.WrapperConnectionPoolDataSource.getPooledConnection(WrapperConnectionPoolDataSource.java:171)
		com.mchange.v2.c3p0.impl.C3P0PooledConnectionPool$1PooledConnectionResourcePoolManager.acquireResource(C3P0PooledConnectionPool.java:137)
		com.mchange.v2.resourcepool.BasicResourcePool.doAcquire(BasicResourcePool.java:1014)
		com.mchange.v2.resourcepool.BasicResourcePool.access$800(BasicResourcePool.java:32)
		com.mchange.v2.resourcepool.BasicResourcePool$AcquireTask.run(BasicResourcePool.java:1810)
		com.mchange.v2.async.ThreadPoolAsynchronousRunner$PoolThread.run(ThreadPoolAsynchronousRunner.java:547)
	Thread[com.mchange.v2.async.ThreadPoolAsynchronousRunner$PoolThread-#1,5,main]
		java.net.SocketInputStream.socketRead0(Native Method)
		java.net.SocketInputStream.socketRead(SocketInputStream.java:116)
		java.net.SocketInputStream.read(SocketInputStream.java:170)
		java.net.SocketInputStream.read(SocketInputStream.java:141)
		com.mysql.jdbc.util.ReadAheadInputStream.fill(ReadAheadInputStream.java:114)
		com.mysql.jdbc.util.ReadAheadInputStream.readFromUnderlyingStreamIfNecessary(ReadAheadInputStream.java:161)
		com.mysql.jdbc.util.ReadAheadInputStream.read(ReadAheadInputStream.java:189)
		com.mysql.jdbc.MysqlIO.readFully(MysqlIO.java:3036)
		com.mysql.jdbc.MysqlIO.reuseAndReadPacket(MysqlIO.java:3489)
		com.mysql.jdbc.MysqlIO.reuseAndReadPacket(MysqlIO.java:3478)
		com.mysql.jdbc.MysqlIO.checkErrorPacket(MysqlIO.java:4019)
		com.mysql.jdbc.MysqlIO.sendCommand(MysqlIO.java:2490)
		com.mysql.jdbc.MysqlIO.sqlQueryDirect(MysqlIO.java:2651)
		com.mysql.jdbc.ConnectionImpl.execSQL(ConnectionImpl.java:2677)
		com.mysql.jdbc.ConnectionImpl.execSQL(ConnectionImpl.java:2627)
		com.mysql.jdbc.StatementImpl.executeQuery(StatementImpl.java:1556)
		com.mysql.jdbc.ConnectionImpl.loadServerVariables(ConnectionImpl.java:3898)
		com.mysql.jdbc.ConnectionImpl.initializePropsFromServer(ConnectionImpl.java:3443)
		com.mysql.jdbc.ConnectionImpl.connectOneTryOnly(ConnectionImpl.java:2443)
		com.mysql.jdbc.ConnectionImpl.createNewIO(ConnectionImpl.java:2213)
		com.mysql.jdbc.ConnectionImpl.<init>(ConnectionImpl.java:797)
		com.mysql.jdbc.JDBC4Connection.<init>(JDBC4Connection.java:47)
		sun.reflect.GeneratedConstructorAccessor30.newInstance(Unknown Source)
		sun.reflect.DelegatingConstructorAccessorImpl.newInstance(DelegatingConstructorAccessorImpl.java:45)
		java.lang.reflect.Constructor.newInstance(Constructor.java:422)
		com.mysql.jdbc.Util.handleNewInstance(Util.java:411)
		com.mysql.jdbc.ConnectionImpl.getInstance(ConnectionImpl.java:389)
		com.mysql.jdbc.NonRegisteringDriver.connect(NonRegisteringDriver.java:305)
		com.mchange.v2.c3p0.DriverManagerDataSource.getConnection(DriverManagerDataSource.java:134)
		com.mchange.v2.c3p0.WrapperConnectionPoolDataSource.getPooledConnection(WrapperConnectionPoolDataSource.java:182)
		com.mchange.v2.c3p0.WrapperConnectionPoolDataSource.getPooledConnection(WrapperConnectionPoolDataSource.java:171)
		com.mchange.v2.c3p0.impl.C3P0PooledConnectionPool$1PooledConnectionResourcePoolManager.acquireResource(C3P0PooledConnectionPool.java:137)
		com.mchange.v2.resourcepool.BasicResourcePool.doAcquire(BasicResourcePool.java:1014)
		com.mchange.v2.resourcepool.BasicResourcePool.access$800(BasicResourcePool.java:32)
		com.mchange.v2.resourcepool.BasicResourcePool$AcquireTask.run(BasicResourcePool.java:1810)
		com.mchange.v2.async.ThreadPoolAsynchronousRunner$PoolThread.run(ThreadPoolAsynchronousRunner.java:547)



2015-09-10 13:12:40
[WARN]-[Thread: Timer-0]-[com.mchange.v2.async.ThreadPoolAsynchronousRunner$DeadlockDetector.run()]: com.mchange.v2.async.ThreadPoolAsynchronousRunner$DeadlockDetector@5f937719 -- APPARENT DEADLOCK!!! Creating emergency threads for unassigned pending tasks!

2015-09-10 13:12:40
[WARN]-[Thread: Timer-0]-[com.mchange.v2.async.ThreadPoolAsynchronousRunner$DeadlockDetector.run()]: com.mchange.v2.async.ThreadPoolAsynchronousRunner$DeadlockDetector@5f937719 -- APPARENT DEADLOCK!!! Complete Status: 
	Managed Threads: 3
	Active Threads: 3
	Active Tasks: 
		com.mchange.v2.resourcepool.BasicResourcePool$AcquireTask@3ba7b688 (com.mchange.v2.async.ThreadPoolAsynchronousRunner$PoolThread-#1)
		com.mchange.v2.resourcepool.BasicResourcePool$AcquireTask@53504229 (com.mchange.v2.async.ThreadPoolAsynchronousRunner$PoolThread-#0)
		com.mchange.v2.resourcepool.BasicResourcePool$AcquireTask@5ecaaf95 (com.mchange.v2.async.ThreadPoolAsynchronousRunner$PoolThread-#2)
	Pending Tasks: 
		com.mchange.v2.resourcepool.BasicResourcePool$AcquireTask@3627bf14
		com.mchange.v2.resourcepool.BasicResourcePool$AcquireTask@30324cae
		com.mchange.v2.resourcepool.BasicResourcePool$AcquireTask@61a2118b
		com.mchange.v2.resourcepool.BasicResourcePool$AcquireTask@6a1fac2d
		com.mchange.v2.resourcepool.BasicResourcePool$AcquireTask@614b6165
		com.mchange.v2.resourcepool.BasicResourcePool$AcquireTask@433e16de
		com.mchange.v2.resourcepool.BasicResourcePool$AcquireTask@3261697b
Pool thread stack traces:
	Thread[com.mchange.v2.async.ThreadPoolAsynchronousRunner$PoolThread-#1,5,main]
		java.net.SocketInputStream.socketRead0(Native Method)
		java.net.SocketInputStream.socketRead(SocketInputStream.java:116)
		java.net.SocketInputStream.read(SocketInputStream.java:170)
		java.net.SocketInputStream.read(SocketInputStream.java:141)
		com.mysql.jdbc.util.ReadAheadInputStream.fill(ReadAheadInputStream.java:114)
		com.mysql.jdbc.util.ReadAheadInputStream.readFromUnderlyingStreamIfNecessary(ReadAheadInputStream.java:161)
		com.mysql.jdbc.util.ReadAheadInputStream.read(ReadAheadInputStream.java:189)
		com.mysql.jdbc.MysqlIO.readFully(MysqlIO.java:3036)
		com.mysql.jdbc.MysqlIO.reuseAndReadPacket(MysqlIO.java:3489)
		com.mysql.jdbc.MysqlIO.reuseAndReadPacket(MysqlIO.java:3478)
		com.mysql.jdbc.MysqlIO.checkErrorPacket(MysqlIO.java:4019)
		com.mysql.jdbc.MysqlIO.sendCommand(MysqlIO.java:2490)
		com.mysql.jdbc.MysqlIO.sqlQueryDirect(MysqlIO.java:2651)
		com.mysql.jdbc.ConnectionImpl.execSQL(ConnectionImpl.java:2677)
		com.mysql.jdbc.ConnectionImpl.execSQL(ConnectionImpl.java:2627)
		com.mysql.jdbc.StatementImpl.executeQuery(StatementImpl.java:1556)
		com.mysql.jdbc.ConnectionImpl.loadServerVariables(ConnectionImpl.java:3898)
		com.mysql.jdbc.ConnectionImpl.initializePropsFromServer(ConnectionImpl.java:3443)
		com.mysql.jdbc.ConnectionImpl.connectOneTryOnly(ConnectionImpl.java:2443)
		com.mysql.jdbc.ConnectionImpl.createNewIO(ConnectionImpl.java:2213)
		com.mysql.jdbc.ConnectionImpl.<init>(ConnectionImpl.java:797)
		com.mysql.jdbc.JDBC4Connection.<init>(JDBC4Connection.java:47)
		sun.reflect.GeneratedConstructorAccessor30.newInstance(Unknown Source)
		sun.reflect.DelegatingConstructorAccessorImpl.newInstance(DelegatingConstructorAccessorImpl.java:45)
		java.lang.reflect.Constructor.newInstance(Constructor.java:422)
		com.mysql.jdbc.Util.handleNewInstance(Util.java:411)
		com.mysql.jdbc.ConnectionImpl.getInstance(ConnectionImpl.java:389)
		com.mysql.jdbc.NonRegisteringDriver.connect(NonRegisteringDriver.java:305)
		com.mchange.v2.c3p0.DriverManagerDataSource.getConnection(DriverManagerDataSource.java:134)
		com.mchange.v2.c3p0.WrapperConnectionPoolDataSource.getPooledConnection(WrapperConnectionPoolDataSource.java:182)
		com.mchange.v2.c3p0.WrapperConnectionPoolDataSource.getPooledConnection(WrapperConnectionPoolDataSource.java:171)
		com.mchange.v2.c3p0.impl.C3P0PooledConnectionPool$1PooledConnectionResourcePoolManager.acquireResource(C3P0PooledConnectionPool.java:137)
		com.mchange.v2.resourcepool.BasicResourcePool.doAcquire(BasicResourcePool.java:1014)
		com.mchange.v2.resourcepool.BasicResourcePool.access$800(BasicResourcePool.java:32)
		com.mchange.v2.resourcepool.BasicResourcePool$AcquireTask.run(BasicResourcePool.java:1810)
		com.mchange.v2.async.ThreadPoolAsynchronousRunner$PoolThread.run(ThreadPoolAsynchronousRunner.java:547)
	Thread[com.mchange.v2.async.ThreadPoolAsynchronousRunner$PoolThread-#0,5,main]
		java.net.SocketInputStream.socketRead0(Native Method)
		java.net.SocketInputStream.socketRead(SocketInputStream.java:116)
		java.net.SocketInputStream.read(SocketInputStream.java:170)
		java.net.SocketInputStream.read(SocketInputStream.java:141)
		com.mysql.jdbc.util.ReadAheadInputStream.fill(ReadAheadInputStream.java:114)
		com.mysql.jdbc.util.ReadAheadInputStream.readFromUnderlyingStreamIfNecessary(ReadAheadInputStream.java:161)
		com.mysql.jdbc.util.ReadAheadInputStream.read(ReadAheadInputStream.java:189)
		com.mysql.jdbc.MysqlIO.readFully(MysqlIO.java:3036)
		com.mysql.jdbc.MysqlIO.reuseAndReadPacket(MysqlIO.java:3489)
		com.mysql.jdbc.MysqlIO.reuseAndReadPacket(MysqlIO.java:3478)
		com.mysql.jdbc.MysqlIO.checkErrorPacket(MysqlIO.java:4019)
		com.mysql.jdbc.MysqlIO.sendCommand(MysqlIO.java:2490)
		com.mysql.jdbc.MysqlIO.sqlQueryDirect(MysqlIO.java:2651)
		com.mysql.jdbc.ConnectionImpl.execSQL(ConnectionImpl.java:2677)
		com.mysql.jdbc.ConnectionImpl.execSQL(ConnectionImpl.java:2627)
		com.mysql.jdbc.StatementImpl.executeQuery(StatementImpl.java:1556)
		com.mysql.jdbc.ConnectionImpl.loadServerVariables(ConnectionImpl.java:3898)
		com.mysql.jdbc.ConnectionImpl.initializePropsFromServer(ConnectionImpl.java:3443)
		com.mysql.jdbc.ConnectionImpl.connectOneTryOnly(ConnectionImpl.java:2443)
		com.mysql.jdbc.ConnectionImpl.createNewIO(ConnectionImpl.java:2213)
		com.mysql.jdbc.ConnectionImpl.<init>(ConnectionImpl.java:797)
		com.mysql.jdbc.JDBC4Connection.<init>(JDBC4Connection.java:47)
		sun.reflect.GeneratedConstructorAccessor30.newInstance(Unknown Source)
		sun.reflect.DelegatingConstructorAccessorImpl.newInstance(DelegatingConstructorAccessorImpl.java:45)
		java.lang.reflect.Constructor.newInstance(Constructor.java:422)
		com.mysql.jdbc.Util.handleNewInstance(Util.java:411)
		com.mysql.jdbc.ConnectionImpl.getInstance(ConnectionImpl.java:389)
		com.mysql.jdbc.NonRegisteringDriver.connect(NonRegisteringDriver.java:305)
		com.mchange.v2.c3p0.DriverManagerDataSource.getConnection(DriverManagerDataSource.java:134)
		com.mchange.v2.c3p0.WrapperConnectionPoolDataSource.getPooledConnection(WrapperConnectionPoolDataSource.java:182)
		com.mchange.v2.c3p0.WrapperConnectionPoolDataSource.getPooledConnection(WrapperConnectionPoolDataSource.java:171)
		com.mchange.v2.c3p0.impl.C3P0PooledConnectionPool$1PooledConnectionResourcePoolManager.acquireResource(C3P0PooledConnectionPool.java:137)
		com.mchange.v2.resourcepool.BasicResourcePool.doAcquire(BasicResourcePool.java:1014)
		com.mchange.v2.resourcepool.BasicResourcePool.access$800(BasicResourcePool.java:32)
		com.mchange.v2.resourcepool.BasicResourcePool$AcquireTask.run(BasicResourcePool.java:1810)
		com.mchange.v2.async.ThreadPoolAsynchronousRunner$PoolThread.run(ThreadPoolAsynchronousRunner.java:547)
	Thread[com.mchange.v2.async.ThreadPoolAsynchronousRunner$PoolThread-#2,5,main]
		java.net.SocketInputStream.socketRead0(Native Method)
		java.net.SocketInputStream.socketRead(SocketInputStream.java:116)
		java.net.SocketInputStream.read(SocketInputStream.java:170)
		java.net.SocketInputStream.read(SocketInputStream.java:141)
		com.mysql.jdbc.util.ReadAheadInputStream.fill(ReadAheadInputStream.java:114)
		com.mysql.jdbc.util.ReadAheadInputStream.readFromUnderlyingStreamIfNecessary(ReadAheadInputStream.java:161)
		com.mysql.jdbc.util.ReadAheadInputStream.read(ReadAheadInputStream.java:189)
		com.mysql.jdbc.MysqlIO.readFully(MysqlIO.java:3036)
		com.mysql.jdbc.MysqlIO.reuseAndReadPacket(MysqlIO.java:3489)
		com.mysql.jdbc.MysqlIO.reuseAndReadPacket(MysqlIO.java:3478)
		com.mysql.jdbc.MysqlIO.checkErrorPacket(MysqlIO.java:4019)
		com.mysql.jdbc.MysqlIO.sendCommand(MysqlIO.java:2490)
		com.mysql.jdbc.MysqlIO.sqlQueryDirect(MysqlIO.java:2651)
		com.mysql.jdbc.ConnectionImpl.execSQL(ConnectionImpl.java:2677)
		com.mysql.jdbc.ConnectionImpl.execSQL(ConnectionImpl.java:2627)
		com.mysql.jdbc.StatementImpl.executeQuery(StatementImpl.java:1556)
		com.mysql.jdbc.ConnectionImpl.loadServerVariables(ConnectionImpl.java:3898)
		com.mysql.jdbc.ConnectionImpl.initializePropsFromServer(ConnectionImpl.java:3443)
		com.mysql.jdbc.ConnectionImpl.connectOneTryOnly(ConnectionImpl.java:2443)
		com.mysql.jdbc.ConnectionImpl.createNewIO(ConnectionImpl.java:2213)
		com.mysql.jdbc.ConnectionImpl.<init>(ConnectionImpl.java:797)
		com.mysql.jdbc.JDBC4Connection.<init>(JDBC4Connection.java:47)
		sun.reflect.GeneratedConstructorAccessor30.newInstance(Unknown Source)
		sun.reflect.DelegatingConstructorAccessorImpl.newInstance(DelegatingConstructorAccessorImpl.java:45)
		java.lang.reflect.Constructor.newInstance(Constructor.java:422)
		com.mysql.jdbc.Util.handleNewInstance(Util.java:411)
		com.mysql.jdbc.ConnectionImpl.getInstance(ConnectionImpl.java:389)
		com.mysql.jdbc.NonRegisteringDriver.connect(NonRegisteringDriver.java:305)
		com.mchange.v2.c3p0.DriverManagerDataSource.getConnection(DriverManagerDataSource.java:134)
		com.mchange.v2.c3p0.WrapperConnectionPoolDataSource.getPooledConnection(WrapperConnectionPoolDataSource.java:182)
		com.mchange.v2.c3p0.WrapperConnectionPoolDataSource.getPooledConnection(WrapperConnectionPoolDataSource.java:171)
		com.mchange.v2.c3p0.impl.C3P0PooledConnectionPool$1PooledConnectionResourcePoolManager.acquireResource(C3P0PooledConnectionPool.java:137)
		com.mchange.v2.resourcepool.BasicResourcePool.doAcquire(BasicResourcePool.java:1014)
		com.mchange.v2.resourcepool.BasicResourcePool.access$800(BasicResourcePool.java:32)
		com.mchange.v2.resourcepool.BasicResourcePool$AcquireTask.run(BasicResourcePool.java:1810)
		com.mchange.v2.async.ThreadPoolAsynchronousRunner$PoolThread.run(ThreadPoolAsynchronousRunner.java:547)



2015-09-10 17:47:46
[ERROR]-[Thread: main]-[com.jfinal.core.Config.startPlugins()]: Plugin start error: com.jfinal.plugin.activerecord.ActiveRecordPlugin. 
com.mysql.jdbc.exceptions.jdbc4.MySQLSyntaxErrorException: Table 'zh-zhnw.actoraurview' doesn't exist
com.jfinal.plugin.activerecord.ActiveRecordException: com.mysql.jdbc.exceptions.jdbc4.MySQLSyntaxErrorException: Table 'zh-zhnw.actoraurview' doesn't exist
	at com.jfinal.plugin.activerecord.TableBuilder.build(TableBuilder.java:48)
	at com.jfinal.plugin.activerecord.ActiveRecordPlugin.start(ActiveRecordPlugin.java:171)
	at com.jfinal.core.Config.startPlugins(Config.java:87)
	at com.jfinal.core.Config.configJFinal(Config.java:48)
	at com.jfinal.core.JFinal.init(JFinal.java:67)
	at com.jfinal.core.JFinalFilter.init(JFinalFilter.java:49)
	at org.eclipse.jetty.servlet.FilterHolder.doStart(FilterHolder.java:118)
	at org.eclipse.jetty.util.component.AbstractLifeCycle.start(AbstractLifeCycle.java:64)
	at org.eclipse.jetty.servlet.ServletHandler.initialize(ServletHandler.java:768)
	at org.eclipse.jetty.servlet.ServletContextHandler.startContext(ServletContextHandler.java:265)
	at org.eclipse.jetty.webapp.WebAppContext.startContext(WebAppContext.java:1242)
	at org.eclipse.jetty.server.handler.ContextHandler.doStart(ContextHandler.java:717)
	at org.eclipse.jetty.webapp.WebAppContext.doStart(WebAppContext.java:494)
	at org.mortbay.jetty.plugin.JettyWebAppContext.doStart(JettyWebAppContext.java:298)
	at org.eclipse.jetty.util.component.AbstractLifeCycle.start(AbstractLifeCycle.java:64)
	at org.eclipse.jetty.server.handler.HandlerCollection.doStart(HandlerCollection.java:229)
	at org.eclipse.jetty.server.handler.ContextHandlerCollection.doStart(ContextHandlerCollection.java:172)
	at org.eclipse.jetty.util.component.AbstractLifeCycle.start(AbstractLifeCycle.java:64)
	at org.eclipse.jetty.server.handler.HandlerCollection.doStart(HandlerCollection.java:229)
	at org.eclipse.jetty.util.component.AbstractLifeCycle.start(AbstractLifeCycle.java:64)
	at org.eclipse.jetty.server.handler.HandlerWrapper.doStart(HandlerWrapper.java:95)
	at org.eclipse.jetty.server.Server.doStart(Server.java:282)
	at org.mortbay.jetty.plugin.JettyServer.doStart(JettyServer.java:65)
	at org.eclipse.jetty.util.component.AbstractLifeCycle.start(AbstractLifeCycle.java:64)
	at org.mortbay.jetty.plugin.AbstractJettyMojo.startJetty(AbstractJettyMojo.java:520)
	at org.mortbay.jetty.plugin.AbstractJettyMojo.execute(AbstractJettyMojo.java:365)
	at org.mortbay.jetty.plugin.JettyRunMojo.execute(JettyRunMojo.java:523)
	at org.apache.maven.plugin.DefaultBuildPluginManager.executeMojo(DefaultBuildPluginManager.java:134)
	at org.apache.maven.lifecycle.internal.MojoExecutor.execute(MojoExecutor.java:208)
	at org.apache.maven.lifecycle.internal.MojoExecutor.execute(MojoExecutor.java:153)
	at org.apache.maven.lifecycle.internal.MojoExecutor.execute(MojoExecutor.java:145)
	at org.apache.maven.lifecycle.internal.LifecycleModuleBuilder.buildProject(LifecycleModuleBuilder.java:116)
	at org.apache.maven.lifecycle.internal.LifecycleModuleBuilder.buildProject(LifecycleModuleBuilder.java:80)
	at org.apache.maven.lifecycle.internal.builder.singlethreaded.SingleThreadedBuilder.build(SingleThreadedBuilder.java:51)
	at org.apache.maven.lifecycle.internal.LifecycleStarter.execute(LifecycleStarter.java:128)
	at org.apache.maven.DefaultMaven.doExecute(DefaultMaven.java:307)
	at org.apache.maven.DefaultMaven.doExecute(DefaultMaven.java:193)
	at org.apache.maven.DefaultMaven.execute(DefaultMaven.java:106)
	at org.apache.maven.cli.MavenCli.execute(MavenCli.java:862)
	at org.apache.maven.cli.MavenCli.doMain(MavenCli.java:286)
	at org.apache.maven.cli.MavenCli.main(MavenCli.java:197)
	at sun.reflect.NativeMethodAccessorImpl.invoke0(Native Method)
	at sun.reflect.NativeMethodAccessorImpl.invoke(NativeMethodAccessorImpl.java:62)
	at sun.reflect.DelegatingMethodAccessorImpl.invoke(DelegatingMethodAccessorImpl.java:43)
	at java.lang.reflect.Method.invoke(Method.java:497)
	at org.codehaus.plexus.classworlds.launcher.Launcher.launchEnhanced(Launcher.java:289)
	at org.codehaus.plexus.classworlds.launcher.Launcher.launch(Launcher.java:229)
	at org.codehaus.plexus.classworlds.launcher.Launcher.mainWithExitCode(Launcher.java:415)
	at org.codehaus.plexus.classworlds.launcher.Launcher.main(Launcher.java:356)
	at org.codehaus.classworlds.Launcher.main(Launcher.java:47)
	at sun.reflect.NativeMethodAccessorImpl.invoke0(Native Method)
	at sun.reflect.NativeMethodAccessorImpl.invoke(NativeMethodAccessorImpl.java:62)
	at sun.reflect.DelegatingMethodAccessorImpl.invoke(DelegatingMethodAccessorImpl.java:43)
	at java.lang.reflect.Method.invoke(Method.java:497)
	at com.intellij.rt.execution.application.AppMain.main(AppMain.java:140)
Caused by: com.mysql.jdbc.exceptions.jdbc4.MySQLSyntaxErrorException: Table 'zh-zhnw.actoraurview' doesn't exist
	at sun.reflect.NativeConstructorAccessorImpl.newInstance0(Native Method)
	at sun.reflect.NativeConstructorAccessorImpl.newInstance(NativeConstructorAccessorImpl.java:62)
	at sun.reflect.DelegatingConstructorAccessorImpl.newInstance(DelegatingConstructorAccessorImpl.java:45)
	at java.lang.reflect.Constructor.newInstance(Constructor.java:422)
	at com.mysql.jdbc.Util.handleNewInstance(Util.java:411)
	at com.mysql.jdbc.Util.getInstance(Util.java:386)
	at com.mysql.jdbc.SQLError.createSQLException(SQLError.java:1052)
	at com.mysql.jdbc.MysqlIO.checkErrorPacket(MysqlIO.java:4096)
	at com.mysql.jdbc.MysqlIO.checkErrorPacket(MysqlIO.java:4028)
	at com.mysql.jdbc.MysqlIO.sendCommand(MysqlIO.java:2490)
	at com.mysql.jdbc.MysqlIO.sqlQueryDirect(MysqlIO.java:2651)
	at com.mysql.jdbc.ConnectionImpl.execSQL(ConnectionImpl.java:2677)
	at com.mysql.jdbc.ConnectionImpl.execSQL(ConnectionImpl.java:2627)
	at com.mysql.jdbc.StatementImpl.executeQuery(StatementImpl.java:1556)
	at com.mchange.v2.c3p0.impl.NewProxyStatement.executeQuery(NewProxyStatement.java:35)
	at com.jfinal.plugin.activerecord.TableBuilder.doBuild(TableBuilder.java:63)
	at com.jfinal.plugin.activerecord.TableBuilder.build(TableBuilder.java:40)
	... 54 more

2015-09-10 17:48:16
[ERROR]-[Thread: main]-[com.jfinal.core.Config.startPlugins()]: Plugin start error: com.jfinal.plugin.activerecord.ActiveRecordPlugin. 
com.mysql.jdbc.exceptions.jdbc4.MySQLSyntaxErrorException: Table 'zh-zhnw.actorpurview' doesn't exist
com.jfinal.plugin.activerecord.ActiveRecordException: com.mysql.jdbc.exceptions.jdbc4.MySQLSyntaxErrorException: Table 'zh-zhnw.actorpurview' doesn't exist
	at com.jfinal.plugin.activerecord.TableBuilder.build(TableBuilder.java:48)
	at com.jfinal.plugin.activerecord.ActiveRecordPlugin.start(ActiveRecordPlugin.java:171)
	at com.jfinal.core.Config.startPlugins(Config.java:87)
	at com.jfinal.core.Config.configJFinal(Config.java:48)
	at com.jfinal.core.JFinal.init(JFinal.java:67)
	at com.jfinal.core.JFinalFilter.init(JFinalFilter.java:49)
	at org.eclipse.jetty.servlet.FilterHolder.doStart(FilterHolder.java:118)
	at org.eclipse.jetty.util.component.AbstractLifeCycle.start(AbstractLifeCycle.java:64)
	at org.eclipse.jetty.servlet.ServletHandler.initialize(ServletHandler.java:768)
	at org.eclipse.jetty.servlet.ServletContextHandler.startContext(ServletContextHandler.java:265)
	at org.eclipse.jetty.webapp.WebAppContext.startContext(WebAppContext.java:1242)
	at org.eclipse.jetty.server.handler.ContextHandler.doStart(ContextHandler.java:717)
	at org.eclipse.jetty.webapp.WebAppContext.doStart(WebAppContext.java:494)
	at org.mortbay.jetty.plugin.JettyWebAppContext.doStart(JettyWebAppContext.java:298)
	at org.eclipse.jetty.util.component.AbstractLifeCycle.start(AbstractLifeCycle.java:64)
	at org.eclipse.jetty.server.handler.HandlerCollection.doStart(HandlerCollection.java:229)
	at org.eclipse.jetty.server.handler.ContextHandlerCollection.doStart(ContextHandlerCollection.java:172)
	at org.eclipse.jetty.util.component.AbstractLifeCycle.start(AbstractLifeCycle.java:64)
	at org.eclipse.jetty.server.handler.HandlerCollection.doStart(HandlerCollection.java:229)
	at org.eclipse.jetty.util.component.AbstractLifeCycle.start(AbstractLifeCycle.java:64)
	at org.eclipse.jetty.server.handler.HandlerWrapper.doStart(HandlerWrapper.java:95)
	at org.eclipse.jetty.server.Server.doStart(Server.java:282)
	at org.mortbay.jetty.plugin.JettyServer.doStart(JettyServer.java:65)
	at org.eclipse.jetty.util.component.AbstractLifeCycle.start(AbstractLifeCycle.java:64)
	at org.mortbay.jetty.plugin.AbstractJettyMojo.startJetty(AbstractJettyMojo.java:520)
	at org.mortbay.jetty.plugin.AbstractJettyMojo.execute(AbstractJettyMojo.java:365)
	at org.mortbay.jetty.plugin.JettyRunMojo.execute(JettyRunMojo.java:523)
	at org.apache.maven.plugin.DefaultBuildPluginManager.executeMojo(DefaultBuildPluginManager.java:134)
	at org.apache.maven.lifecycle.internal.MojoExecutor.execute(MojoExecutor.java:208)
	at org.apache.maven.lifecycle.internal.MojoExecutor.execute(MojoExecutor.java:153)
	at org.apache.maven.lifecycle.internal.MojoExecutor.execute(MojoExecutor.java:145)
	at org.apache.maven.lifecycle.internal.LifecycleModuleBuilder.buildProject(LifecycleModuleBuilder.java:116)
	at org.apache.maven.lifecycle.internal.LifecycleModuleBuilder.buildProject(LifecycleModuleBuilder.java:80)
	at org.apache.maven.lifecycle.internal.builder.singlethreaded.SingleThreadedBuilder.build(SingleThreadedBuilder.java:51)
	at org.apache.maven.lifecycle.internal.LifecycleStarter.execute(LifecycleStarter.java:128)
	at org.apache.maven.DefaultMaven.doExecute(DefaultMaven.java:307)
	at org.apache.maven.DefaultMaven.doExecute(DefaultMaven.java:193)
	at org.apache.maven.DefaultMaven.execute(DefaultMaven.java:106)
	at org.apache.maven.cli.MavenCli.execute(MavenCli.java:862)
	at org.apache.maven.cli.MavenCli.doMain(MavenCli.java:286)
	at org.apache.maven.cli.MavenCli.main(MavenCli.java:197)
	at sun.reflect.NativeMethodAccessorImpl.invoke0(Native Method)
	at sun.reflect.NativeMethodAccessorImpl.invoke(NativeMethodAccessorImpl.java:62)
	at sun.reflect.DelegatingMethodAccessorImpl.invoke(DelegatingMethodAccessorImpl.java:43)
	at java.lang.reflect.Method.invoke(Method.java:497)
	at org.codehaus.plexus.classworlds.launcher.Launcher.launchEnhanced(Launcher.java:289)
	at org.codehaus.plexus.classworlds.launcher.Launcher.launch(Launcher.java:229)
	at org.codehaus.plexus.classworlds.launcher.Launcher.mainWithExitCode(Launcher.java:415)
	at org.codehaus.plexus.classworlds.launcher.Launcher.main(Launcher.java:356)
	at org.codehaus.classworlds.Launcher.main(Launcher.java:47)
	at sun.reflect.NativeMethodAccessorImpl.invoke0(Native Method)
	at sun.reflect.NativeMethodAccessorImpl.invoke(NativeMethodAccessorImpl.java:62)
	at sun.reflect.DelegatingMethodAccessorImpl.invoke(DelegatingMethodAccessorImpl.java:43)
	at java.lang.reflect.Method.invoke(Method.java:497)
	at com.intellij.rt.execution.application.AppMain.main(AppMain.java:140)
Caused by: com.mysql.jdbc.exceptions.jdbc4.MySQLSyntaxErrorException: Table 'zh-zhnw.actorpurview' doesn't exist
	at sun.reflect.NativeConstructorAccessorImpl.newInstance0(Native Method)
	at sun.reflect.NativeConstructorAccessorImpl.newInstance(NativeConstructorAccessorImpl.java:62)
	at sun.reflect.DelegatingConstructorAccessorImpl.newInstance(DelegatingConstructorAccessorImpl.java:45)
	at java.lang.reflect.Constructor.newInstance(Constructor.java:422)
	at com.mysql.jdbc.Util.handleNewInstance(Util.java:411)
	at com.mysql.jdbc.Util.getInstance(Util.java:386)
	at com.mysql.jdbc.SQLError.createSQLException(SQLError.java:1052)
	at com.mysql.jdbc.MysqlIO.checkErrorPacket(MysqlIO.java:4096)
	at com.mysql.jdbc.MysqlIO.checkErrorPacket(MysqlIO.java:4028)
	at com.mysql.jdbc.MysqlIO.sendCommand(MysqlIO.java:2490)
	at com.mysql.jdbc.MysqlIO.sqlQueryDirect(MysqlIO.java:2651)
	at com.mysql.jdbc.ConnectionImpl.execSQL(ConnectionImpl.java:2677)
	at com.mysql.jdbc.ConnectionImpl.execSQL(ConnectionImpl.java:2627)
	at com.mysql.jdbc.StatementImpl.executeQuery(StatementImpl.java:1556)
	at com.mchange.v2.c3p0.impl.NewProxyStatement.executeQuery(NewProxyStatement.java:35)
	at com.jfinal.plugin.activerecord.TableBuilder.doBuild(TableBuilder.java:63)
	at com.jfinal.plugin.activerecord.TableBuilder.build(TableBuilder.java:40)
	... 54 more
